2024-07-02 16:19:12,504 - INFO - Fetched laws page successfully from https://www.gesetze-im-internet.de/Teilliste_translations.html
2024-07-02 16:19:12,535 - INFO - Parsed 127 laws from HTML content
2024-07-02 16:19:12,538 - INFO - Laws saved to 'data/laws_list.json
2024-07-02 16:19:12,544 - INFO - Title: AbgG, Law Title: Members of the Bundestag Act, Link: englisch_abgg/index.html, PDF: https://www.gesetze-im-internet.de/englisch_abgg/englisch_abgg.pdf
2024-07-02 16:19:12,544 - INFO - Title: AdVermiG, Law Title: Act on Adoption Placement and Support and on the Prohibition of Surrogacy Placement, Link: englisch_advermig/index.html, PDF: https://www.gesetze-im-internet.de/englisch_advermig/englisch_advermig.pdf
2024-07-02 16:19:12,546 - INFO - Title: AEntG, Law Title: Act on Mandatory Working Conditions for Workers Posted Across Borders and for Workers Regularly Employed in Germany, Link: englisch_aentg/index.html, PDF: https://www.gesetze-im-internet.de/englisch_aentg/englisch_aentg.pdf
2024-07-02 16:19:12,546 - INFO - Title: AGG, Law Title: General Act on Equal Treatment, Link: englisch_agg/index.html, PDF: https://www.gesetze-im-internet.de/englisch_agg/englisch_agg.pdf
2024-07-02 16:19:12,546 - INFO - Title: AktG, Law Title: Stock Corporation Act, Link: englisch_aktg/index.html, PDF: https://www.gesetze-im-internet.de/englisch_aktg/englisch_aktg.pdf
2024-07-02 16:19:12,547 - INFO - Title: AMG, Law Title: Medicinal Products Act (Arzneimittelgesetz - AMG), Link: englisch_amg/index.html, PDF: https://www.gesetze-im-internet.de/englisch_amg/englisch_amg.pdf
2024-07-02 16:19:12,547 - INFO - Title: AntiDopG, Law Title: Act against doping in sport (Anti-Doping Act - AntiDopG), Link: englisch_antidopg/index.html, PDF: https://www.gesetze-im-internet.de/englisch_antidopg/englisch_antidopg.pdf
2024-07-02 16:19:12,547 - INFO - Title: AO, Law Title: The Fiscal Code of Germany, Link: englisch_ao/index.html, PDF: https://www.gesetze-im-internet.de/englisch_ao/englisch_ao.pdf
2024-07-02 16:19:12,547 - INFO - Title: ArbMedVV, Law Title: Ordinance on Preventive Occupational Health Care (ArbMedVV), Link: englisch_arbmedvv/index.html, PDF: https://www.gesetze-im-internet.de/englisch_arbmedvv/englisch_arbmedvv.pdf
2024-07-02 16:19:12,548 - INFO - Title: ArbSchG, Law Title: Act on the Implementation of Measures of Occupational Safety and Health to Encourage Improvements in the Safety and Health Protection of Workers at Work (Arbeitsschutzgesetz, ArbSchG), Link: englisch_arbschg/index.html, PDF: https://www.gesetze-im-internet.de/englisch_arbschg/englisch_arbschg.pdf
2024-07-02 16:19:12,548 - INFO - Title: ArbStättV, Law Title: Ordinance on Workplaces, Link: englisch_arbst_ttv/index.html, PDF: https://www.gesetze-im-internet.de/englisch_arbst_ttv/englisch_arbst_ttv.pdf
2024-07-02 16:19:12,548 - INFO - Title: ASiG, Law Title: Act on Occupational Physicians, Safety Engineers and Other Occupational Safety Specialists, Link: englisch_asig/index.html, PDF: https://www.gesetze-im-internet.de/englisch_asig/englisch_asig.pdf
2024-07-02 16:19:12,549 - INFO - Title: AsylG, Law Title: Asylum Act, Link: englisch_asylvfg/index.html, PDF: https://www.gesetze-im-internet.de/englisch_asylvfg/englisch_asylvfg.pdf
2024-07-02 16:19:12,549 - INFO - Title: AufenthG, Law Title: Act on the Residence, Economic Activity and Integration of Foreigners in the Federal Territory - Residence Act, Link: englisch_aufenthg/index.html, PDF: https://www.gesetze-im-internet.de/englisch_aufenthg/englisch_aufenthg.pdf
2024-07-02 16:19:12,549 - INFO - Title: AUG, Law Title: Act on the Recovery of Maintenance in Relations with Foreign States - Foreign Maintenance Act, Link: englisch_aug/index.html, PDF: https://www.gesetze-im-internet.de/englisch_aug/englisch_aug.pdf
2024-07-02 16:19:12,550 - INFO - Title: AÜG, Law Title: Act on Temporary Agency Work (Arbeitnehmerüberlassungsgesetz - AÜG), Link: englisch_a_g/index.html, PDF: https://www.gesetze-im-internet.de/englisch_a_g/englisch_a_g.pdf
2024-07-02 16:19:12,550 - INFO - Title: AWaffV, Law Title: General Ordinance on the Weapons Act, Link: englisch_awaffv/index.html, PDF: https://www.gesetze-im-internet.de/englisch_awaffv/englisch_awaffv.pdf
2024-07-02 16:19:12,550 - INFO - Title: AWG, Law Title: Foreign Trade and Payments Act, Link: englisch_awg/index.html, PDF: https://www.gesetze-im-internet.de/englisch_awg/englisch_awg.pdf
2024-07-02 16:19:12,550 - INFO - Title: AWV, Law Title: Foreign Trade and Payments Ordinance (Außenwirtschaftsverordnung - AWV), Link: englisch_awv/index.html, PDF: https://www.gesetze-im-internet.de/englisch_awv/englisch_awv.pdf
2024-07-02 16:19:12,551 - INFO - Title: BBergG, Law Title: Federal Mining Act (BBergG), Link: englisch_bbergg/index.html, PDF: https://www.gesetze-im-internet.de/englisch_bbergg/englisch_bbergg.pdf
2024-07-02 16:19:12,551 - INFO - Title: BDSG, Law Title: Federal Data Protection Act (BDSG), Link: englisch_bdsg/index.html, PDF: https://www.gesetze-im-internet.de/englisch_bdsg/englisch_bdsg.pdf
2024-07-02 16:19:12,551 - INFO - Title: BerHG, Law Title: Act on Advisory Assistance and Representation for Citizens with a Low Income (Beratungshilfegesetz - BerHG), Link: englisch_berathig/index.html, PDF: https://www.gesetze-im-internet.de/englisch_berathig/englisch_berathig.pdf
2024-07-02 16:19:12,552 - INFO - Title: BeschV, Law Title: Ordinance on the Employment of Foreigners, Link: englisch_beschv/index.html, PDF: https://www.gesetze-im-internet.de/englisch_beschv/englisch_beschv.pdf
2024-07-02 16:19:12,552 - INFO - Title: BetrVG, Law Title: Works Constitution Act (Betriebsverfassungsgesetz - BetrVG), Link: englisch_betrvg/index.html, PDF: https://www.gesetze-im-internet.de/englisch_betrvg/englisch_betrvg.pdf
2024-07-02 16:19:12,552 - INFO - Title: BFDG, Law Title: Act on the Federal Voluntary Service, Link: englisch_bfdg/index.html, PDF: https://www.gesetze-im-internet.de/englisch_bfdg/englisch_bfdg.pdf
2024-07-02 16:19:12,553 - INFO - Title: BGB, Law Title: German Civil Code, Link: englisch_bgb/index.html, PDF: https://www.gesetze-im-internet.de/englisch_bgb/englisch_bgb.pdf
2024-07-02 16:19:12,553 - INFO - Title: EGBGB, Law Title: Introductory Act to the Civil Code (IACC), Link: englisch_bgbeg/index.html, PDF: https://www.gesetze-im-internet.de/englisch_bgbeg/englisch_bgbeg.pdf
2024-07-02 16:19:12,553 - INFO - Title: BioStoffV, Law Title: Ordinance on Safety and Health Protection at Workplaces Involving Biological Agents (Biological Agents Ordinance - BioStoffV), Link: englisch_biostoffv/index.html, PDF: https://www.gesetze-im-internet.de/englisch_biostoffv/englisch_biostoffv.pdf
2024-07-02 16:19:12,554 - INFO - Title: BMG, Law Title: Federal Act on Registration, Link: englisch_bmg/index.html, PDF: https://www.gesetze-im-internet.de/englisch_bmg/englisch_bmg.pdf
2024-07-02 16:19:12,554 - INFO - Title: BNotO, Law Title: Federal Code for Notaries, Link: englisch_bnoto/index.html, PDF: https://www.gesetze-im-internet.de/englisch_bnoto/englisch_bnoto.pdf
2024-07-02 16:19:12,554 - INFO - Title: BRAO, Law Title: Federal Code for Lawyers, Link: englisch_brao/index.html, PDF: https://www.gesetze-im-internet.de/englisch_brao/englisch_brao.pdf
2024-07-02 16:19:12,554 - INFO - Title: BSIG, Law Title: Act on the Federal Office for Information Security (BSI Act - BSIG), Link: englisch_bsig/index.html, PDF: https://www.gesetze-im-internet.de/englisch_bsig/englisch_bsig.pdf
2024-07-02 16:19:12,554 - INFO - Title: BVerfGG, Law Title: Act on the Federal Constitutional Court (Bundesverfassungsgerichtsgesetz - BVerfGG), Link: englisch_bverfgg/index.html, PDF: https://www.gesetze-im-internet.de/englisch_bverfgg/englisch_bverfgg.pdf
2024-07-02 16:19:12,556 - INFO - Title: BVerfGGO, Law Title: Rules of Procedure of the Federal Constitutional Court, Link: englisch_bverfggo/index.html, PDF: https://www.gesetze-im-internet.de/englisch_bverfggo/englisch_bverfggo.pdf
2024-07-02 16:19:12,556 - INFO - Title: BZRG, Law Title: Act on the Central Criminal Register and the Educative Measures Register, Link: englisch_bzrg/index.html, PDF: https://www.gesetze-im-internet.de/englisch_bzrg/englisch_bzrg.pdf
2024-07-02 16:19:12,556 - INFO - Title: COVInsAG, Law Title: Act to Temporarily Suspend the Obligation to File for Insolvency and to Limit Directors’ Liability in the Case of Insolvency Caused by the COVID-19 Pandemic (COVID-19-Insolvenzaussetzungsgesetz - COVInsAG), Link: englisch_covinsag/index.html, PDF: https://www.gesetze-im-internet.de/englisch_covinsag/englisch_covinsag.pdf
2024-07-02 16:19:12,557 - INFO - Title: DesignG, Law Title: Act on the Legal Protection of Designs (Designgesetz - DesignG), Link: englisch_geschmmg/index.html, PDF: https://www.gesetze-im-internet.de/englisch_geschmmg/englisch_geschmmg.pdf
2024-07-02 16:19:12,557 - INFO - Title: DNG, Law Title: Act governing the use of public sector data (Data Use Act - DUA), Link: englisch_dng/index.html, PDF: https://www.gesetze-im-internet.de/englisch_dng/englisch_dng.pdf
2024-07-02 16:19:12,557 - INFO - Title: DRiG, Law Title: German Judiciary Act, Link: englisch_drig/index.html, PDF: https://www.gesetze-im-internet.de/englisch_drig/englisch_drig.pdf
2024-07-02 16:19:12,558 - INFO - Title: EGovG, Law Title: Act to promote electronic government (E-Government Act - EGovG), Link: englisch_egovg/index.html, PDF: https://www.gesetze-im-internet.de/englisch_egovg/englisch_egovg.pdf
2024-07-02 16:19:12,558 - INFO - Title: eIDKG, Law Title: Act on a Card with an Electronic Identification Function for Citizens of the European Union and the European Economic Area, Link: englisch_eidkg/index.html, PDF: https://www.gesetze-im-internet.de/englisch_eidkg/englisch_eidkg.pdf
2024-07-02 16:19:12,558 - INFO - Title: EntgTranspG, Law Title: The Act to promote Transparency in Wage Structures among Women and Men (Transparency in Wage Structures Act), Link: englisch_entgtranspg/index.html, PDF: https://www.gesetze-im-internet.de/englisch_entgtranspg/englisch_entgtranspg.pdf
2024-07-02 16:19:12,559 - INFO - Title: ErwSÜAG, Law Title: Act to Implement the Hague Convention of 13 January 2000 on the International Protection of Adults (Protection of Adults Convention Implementation Act  -  ErwSÜAG), Link: englisch_erws_ag/index.html, PDF: https://www.gesetze-im-internet.de/englisch_erws_ag/englisch_erws_ag.pdf
2024-07-02 16:19:12,559 - INFO - Title: EuAbgG, Law Title: Members of the European Parliament Act, Link: englisch_euabgg/index.html, PDF: https://www.gesetze-im-internet.de/englisch_euabgg/englisch_euabgg.pdf
2024-07-02 16:19:12,559 - INFO - Title: EU-VSchDG, Law Title: Act to Implement Regulation (EU) 2017/2394 of the European Parliament and of the Council on Cooperation between National Authorities Responsible for the Enforcement of Consumer Protection Laws and Repealing Regulation (EC) No. 2006/2004 (EU Consumer Protection Implementing Act) , Link: englisch_vschdg/index.html, PDF: https://www.gesetze-im-internet.de/englisch_vschdg/englisch_vschdg.pdf
2024-07-02 16:19:12,560 - INFO - Title: EUZBBG, Law Title: Act on Cooperation between the Federal Government and the German Bundestag in Matters concerning the European Union, Link: englisch_euzbbg/index.html, PDF: https://www.gesetze-im-internet.de/englisch_euzbbg/englisch_euzbbg.pdf
2024-07-02 16:19:12,560 - INFO - Title: FamFG, Law Title: Act on Proceedings in Family Matters and in Matters of Non-contentious Jurisdiction, Link: englisch_famfg/index.html, PDF: https://www.gesetze-im-internet.de/englisch_famfg/englisch_famfg.pdf
2024-07-02 16:19:12,560 - INFO - Title: FeuerschStG, Law Title: Fire Protection Tax Act, Link: englisch_feuerschstg/index.html, PDF: https://www.gesetze-im-internet.de/englisch_feuerschstg/englisch_feuerschstg.pdf
2024-07-02 16:19:12,560 - INFO - Title: FlugDaG, Law Title: Act on the Processing of Passenger Name Record (PNR) Data to Implement Directive (EU) 2016/681  (Passenger Name Record Act, FlugDaG), Link: englisch_flugdag/index.html, PDF: https://www.gesetze-im-internet.de/englisch_flugdag/englisch_flugdag.pdf
2024-07-02 16:19:12,561 - INFO - Title: FreizügG/EU, Law Title: Act on the General Freedom of Movement for EU Citizens (Freedom of Movement Act/EU), Link: englisch_freiz_gg_eu/index.html, PDF: https://www.gesetze-im-internet.de/englisch_freiz_gg_eu/englisch_freiz_gg_eu.pdf
2024-07-02 16:19:12,561 - INFO - Title: GeschGehG, Law Title: Act on the Protection of Trade Secrets, Link: englisch_geschgehg/index.html, PDF: https://www.gesetze-im-internet.de/englisch_geschgehg/englisch_geschgehg.pdf
2024-07-02 16:19:12,561 - INFO - Title: GG, Law Title: Basic Law for the Federal Republic of Germany, Link: englisch_gg/index.html, PDF: https://www.gesetze-im-internet.de/englisch_gg/englisch_gg.pdf
2024-07-02 16:19:12,562 - INFO - Title: GmbHG, Law Title: Act on Limited Liability Companies (Gesetz betreffend die Gesellschaften mit beschränkter Haftung - GmbHG)
, Link: englisch_gmbhg/index.html, PDF: https://www.gesetze-im-internet.de/englisch_gmbhg/englisch_gmbhg.pdf
2024-07-02 16:19:12,562 - INFO - Title: EGGmbHG, Law Title: Introductory Act to the Act on Limited Liability Companies (Einführungsgesetz zum Gesetz betreffend die Gesellschaften mit beschränkter Haftung - GmbHG-Einführungsgesetz), Link: englisch_eggmbhg/index.html, PDF: https://www.gesetze-im-internet.de/englisch_eggmbhg/englisch_eggmbhg.pdf
2024-07-02 16:19:12,562 - INFO - Title: GVG, Law Title: Courts Constitution Act, Link: englisch_gvg/index.html, PDF: https://www.gesetze-im-internet.de/englisch_gvg/englisch_gvg.pdf
2024-07-02 16:19:12,563 - INFO - Title: GWB, Law Title: Competition Act, Link: englisch_gwb/index.html, PDF: https://www.gesetze-im-internet.de/englisch_gwb/englisch_gwb.pdf
2024-07-02 16:19:12,563 - INFO - Title: HaagÜbkAG, Law Title: Act to Implement the Hague Convention of 15 November 1965 on the Service Abroad of Judicial and Extrajudicial Documents in Civil or Commercial Matters and the Hague Convention of 18 March 1970 on the Taking of Evidence Abroad in Civil or Commercial Matters, Link: englisch_haag_bkag/index.html, PDF: https://www.gesetze-im-internet.de/englisch_haag_bkag/englisch_haag_bkag.pdf
2024-07-02 16:19:12,563 - INFO - Title: HGB, Law Title: Commercial Code (Handelsgesetzbuch - HGB), Link: englisch_hgb/index.html, PDF: https://www.gesetze-im-internet.de/englisch_hgb/englisch_hgb.pdf
2024-07-02 16:19:12,564 - INFO - Title: IFG, Law Title: Federal Act Governing Access to Information held by the Federal Government (Freedom of Information Act), Link: englisch_ifg/index.html, PDF: https://www.gesetze-im-internet.de/englisch_ifg/englisch_ifg.pdf
2024-07-02 16:19:12,564 - INFO - Title: InsO, Law Title: Insolvency Code, Link: englisch_inso/index.html, PDF: https://www.gesetze-im-internet.de/englisch_inso/englisch_inso.pdf
2024-07-02 16:19:12,564 - INFO - Title: EGInsO, Law Title: Introductory Act to the Insolvency Code, Link: englisch_eginso/index.html, PDF: https://www.gesetze-im-internet.de/englisch_eginso/englisch_eginso.pdf
2024-07-02 16:19:12,564 - INFO - Title: IntFamRVG, Law Title: Act to Implement Certain Legal Instruments in the Field of International Family Law (International Family Law Procedure Act - IFLPA), Link: englisch_intfamrvg/index.html, PDF: https://www.gesetze-im-internet.de/englisch_intfamrvg/englisch_intfamrvg.pdf
2024-07-02 16:19:12,565 - INFO - Title: IntVG, Law Title: Act on the Exercise by the Bundestag and by the Bundesrat of their Responsibility for Integration in Matters concerning the European Union (Responsibility for Integration Act), Link: englisch_intvg/index.html, PDF: https://www.gesetze-im-internet.de/englisch_intvg/englisch_intvg.pdf
2024-07-02 16:19:12,565 - INFO - Title: IRG, Law Title: Act on International Mutual Assistance in Criminal Matters, Link: englisch_irg/index.html, PDF: https://www.gesetze-im-internet.de/englisch_irg/englisch_irg.pdf
2024-07-02 16:19:12,565 - INFO - Title: IStGHG, Law Title: Act on International Cooperation with the International Criminal Court (Gesetz über die Zusammenarbeit mit dem Internationalen Strafgerichtshof - IStGHG), Link: englisch_istghg/index.html, PDF: https://www.gesetze-im-internet.de/englisch_istghg/englisch_istghg.pdf
2024-07-02 16:19:12,566 - INFO - Title: JFDG, Law Title: Act to Promote Youth Voluntary Services, Link: englisch_jfdg/index.html, PDF: https://www.gesetze-im-internet.de/englisch_jfdg/englisch_jfdg.pdf
2024-07-02 16:19:12,566 - INFO - Title: JGG, Law Title: Youth Courts Act, Link: englisch_jgg/index.html, PDF: https://www.gesetze-im-internet.de/englisch_jgg/englisch_jgg.pdf
2024-07-02 16:19:12,566 - INFO - Title: KapMuG, Law Title: Act on Model Case Proceedings in Disputes under Capital Markets Law (Capital Markets Model Case Act - KapMuG), Link: englisch_kapmug/index.html, PDF: https://www.gesetze-im-internet.de/englisch_kapmug/englisch_kapmug.pdf
2024-07-02 16:19:12,567 - INFO - Title: KassenSichV, Law Title: Ordinance Establishing the Technical Requirements for Electronic Record-Keeping and Security Systems in Business Transactions (Cash Register Anti-Tampering Ordinance) , Link: englisch_kassensichv/index.html, PDF: https://www.gesetze-im-internet.de/englisch_kassensichv/englisch_kassensichv.pdf
2024-07-02 16:19:12,567 - INFO - Title: KGSG, Law Title: Ac‎t on the Protection of Cultural Property‏ (‎Cultural Property Protection Act - KGSG), Link: englisch_kgsg/index.html, PDF: https://www.gesetze-im-internet.de/englisch_kgsg/englisch_kgsg.pdf
2024-07-02 16:19:12,568 - INFO - Title: KSG, Law Title: Federal Climate Change Act, Link: englisch_ksg/index.html, PDF: https://www.gesetze-im-internet.de/englisch_ksg/englisch_ksg.pdf
2024-07-02 16:19:12,568 - INFO - Title: LasthandhabV, Law Title: Ordinance on Health and Safety Requirements for the Manual Handling of Loads at Work (Lastenhandhabungsverordnung, LasthandhabV), Link: englisch_lasthandhabv/index.html, PDF: https://www.gesetze-im-internet.de/englisch_lasthandhabv/englisch_lasthandhabv.pdf
2024-07-02 16:19:12,568 - INFO - Title: LPartG, Law Title: Act on Registered Life Partnerships, Link: englisch_lpartg/index.html, PDF: https://www.gesetze-im-internet.de/englisch_lpartg/englisch_lpartg.pdf
2024-07-02 16:19:12,568 - INFO - Title: LuftSchlichtV, Law Title: Ordinance pursuant to section 57c of the Aviation Act on Conciliation in the Aviation Sector (Luftverkehrsschlichtungsverordnung - LuftSchlichtV), Link: englisch_luftschlichtv/index.html, PDF: https://www.gesetze-im-internet.de/englisch_luftschlichtv/englisch_luftschlichtv.pdf
2024-07-02 16:19:12,569 - INFO - Title: LuftVG, Law Title: Aviation Act (Luftverkehrsgesetz - LuftVG), Link: englisch_luftvg/index.html, PDF: https://www.gesetze-im-internet.de/englisch_luftvg/englisch_luftvg.pdf
2024-07-02 16:19:12,569 - INFO - Title: MariMedV, Law Title: Ordinance on Maritime Medicine Requirements on Merchant Vessels (Maritime Medicine Ordinance), Link: englisch_marimedv/index.html, PDF: https://www.gesetze-im-internet.de/englisch_marimedv/englisch_marimedv.pdf
2024-07-02 16:19:12,569 - INFO - Title: MarkenG, Law Title: Act on the Protection of Trade Marks and other Signs. Trade Mark Act, Link: englisch_markeng/index.html, PDF: https://www.gesetze-im-internet.de/englisch_markeng/englisch_markeng.pdf
2024-07-02 16:19:12,570 - INFO - Title: MediationsG, Law Title: Mediation Act, Link: englisch_mediationsg/index.html, PDF: https://www.gesetze-im-internet.de/englisch_mediationsg/englisch_mediationsg.pdf
2024-07-02 16:19:12,570 - INFO - Title: MiLoG, Law Title: Act Regulating a General Minimum Wage (Mindestlohngesetz - MiLoG) , Link: englisch_milog/index.html, PDF: https://www.gesetze-im-internet.de/englisch_milog/englisch_milog.pdf
2024-07-02 16:19:12,570 - INFO - Title: MuSchG, Law Title: Act on the Protection of Mothers at Work, in Training and at University (Maternity Protection Act - MuSchG), Link: englisch_muschg/index.html, PDF: https://www.gesetze-im-internet.de/englisch_muschg/englisch_muschg.pdf
2024-07-02 16:19:12,571 - INFO - Title: NKRG, Law Title: Act Establishing a National Regulatory Control Council, Link: englisch_nkrg/index.html, PDF: https://www.gesetze-im-internet.de/englisch_nkrg/englisch_nkrg.pdf
2024-07-02 16:19:12,571 - INFO - Title: Offshore-ArbZV, Law Title: Ordinance on Working Time in relation to Offshore Work (Offshore Working Time Ordinance), Link: englisch_offshore-arbzv/index.html, PDF: https://www.gesetze-im-internet.de/englisch_offshore-arbzv/englisch_offshore-arbzv.pdf
2024-07-02 16:19:12,571 - INFO - Title: OWiG, Law Title: Act on Regulatory Offences, Link: englisch_owig/index.html, PDF: https://www.gesetze-im-internet.de/englisch_owig/englisch_owig.pdf
2024-07-02 16:19:12,571 - INFO - Title: PartGG, Law Title: Act on Partnership Companies of Members of Independent Professions , Link: englisch_partgg/index.html, PDF: https://www.gesetze-im-internet.de/englisch_partgg/englisch_partgg.pdf
2024-07-02 16:19:12,572 - INFO - Title: PaßG, Law Title: Passport Act, Link: englisch_pa_g/index.html, PDF: https://www.gesetze-im-internet.de/englisch_pa_g/englisch_pa_g.pdf
2024-07-02 16:19:12,572 - INFO - Title: PatG, Law Title: Patent Act (Patentgesetz - PatG), Link: englisch_patg/index.html, PDF: https://www.gesetze-im-internet.de/englisch_patg/englisch_patg.pdf
2024-07-02 16:19:12,572 - INFO - Title: PAuswG, Law Title: Act on Identity Cards and Electronic Identification, Link: englisch_pauswg/index.html, PDF: https://www.gesetze-im-internet.de/englisch_pauswg/englisch_pauswg.pdf
2024-07-02 16:19:12,572 - INFO - Title: ProdHaftG, Law Title: Act on Liability for Defective Products (Produkthaftungsgesetz - ProdhaftG), Link: englisch_prodhaftg/index.html, PDF: https://www.gesetze-im-internet.de/englisch_prodhaftg/englisch_prodhaftg.pdf
2024-07-02 16:19:12,572 - INFO - Title: ProdSG, Law Title: Act on Making Products Available on the Market (Product Safety Act - ProdSG), Link: englisch_prodsg/index.html, PDF: https://www.gesetze-im-internet.de/englisch_prodsg/englisch_prodsg.pdf
2024-07-02 16:19:12,573 - INFO - Title: RDG, Law Title: Act on Out-of-Court Legal Services (Rechtsdienstleistungsgesetz, RDG), Link: englisch_rdg/index.html, PDF: https://www.gesetze-im-internet.de/englisch_rdg/englisch_rdg.pdf
2024-07-02 16:19:12,573 - INFO - Title: RPflG, Law Title: Act on Senior Judicial Officers, Link: englisch_rpflg/index.html, PDF: https://www.gesetze-im-internet.de/englisch_rpflg/englisch_rpflg.pdf
2024-07-02 16:19:12,573 - INFO - Title: RVG, Law Title: Act on the Remuneration of Lawyers, Link: englisch_rvg/index.html, PDF: https://www.gesetze-im-internet.de/englisch_rvg/englisch_rvg.pdf
2024-07-02 16:19:12,574 - INFO - Title: SchBesV, Law Title: Safe Manning Ordinance (SchBesV), Link: englisch_schbesv/index.html, PDF: https://www.gesetze-im-internet.de/englisch_schbesv/englisch_schbesv.pdf
2024-07-02 16:19:12,574 - INFO - Title: SchwarzArbG, Law Title: Act to Combat Undeclared Work and Unlawful Employment, Link: englisch_schwarzarbg/index.html, PDF: https://www.gesetze-im-internet.de/englisch_schwarzarbg/englisch_schwarzarbg.pdf
2024-07-02 16:19:12,574 - INFO - Title: SeeArbG, Law Title: Maritime Labour Act, Link: englisch_seearbg/index.html, PDF: https://www.gesetze-im-internet.de/englisch_seearbg/englisch_seearbg.pdf
2024-07-02 16:19:12,574 - INFO - Title: SeeArbÜV, Law Title: Ordinance on verification of compliance of working and living conditions on board ships (Maritime Working Verification Ordinance - MaritimeWorkO), Link: englisch_seearb_v/index.html, PDF: https://www.gesetze-im-internet.de/englisch_seearb_v/englisch_seearb_v.pdf
2024-07-02 16:19:12,575 - INFO - Title: See-ArbZNV, Law Title: Ordinance on the table of shipboard working arrangements and records of hours of work in maritime shipping (See-Arbeitszeitnachweisverordnung - See-ArbZNV), Link: englisch_see-arbznv/index.html, PDF: https://www.gesetze-im-internet.de/englisch_see-arbznv/englisch_see-arbznv.pdf
2024-07-02 16:19:12,575 - INFO - Title: SeeAufgG, Law Title: Act on the Responsibilities of the Federal Government in the Field of Maritime Shipping (Maritime Shipping Responsibilities Act - SeeAufgG), Link: englisch_bseeschg/index.html, PDF: https://www.gesetze-im-internet.de/englisch_bseeschg/englisch_bseeschg.pdf
2024-07-02 16:19:12,575 - INFO - Title: See-BAV, Law Title: Ordinance Pursuant to Vocational Training in Maritime Shipping (Maritime Vocational Training Ordinance - See-BAV), Link: englisch_see-bav/index.html, PDF: https://www.gesetze-im-internet.de/englisch_see-bav/englisch_see-bav.pdf
2024-07-02 16:19:12,575 - INFO - Title: See-BV, Law Title: Regulations on the Competencies and Proficiencies of Seafarers in the Maritime Shipping Industry (Seafarers' Competencies and Proficiencies Regulations - See-BV), Link: englisch_see-bv/index.html, PDF: https://www.gesetze-im-internet.de/englisch_see-bv/englisch_see-bv.pdf
2024-07-02 16:19:12,575 - INFO - Title: SeeEigensichV, Law Title: Ordinance on Shipboard Security Measures (SeeEigensichV), Link: englisch_seeeigensichv/index.html, PDF: https://www.gesetze-im-internet.de/englisch_seeeigensichv/englisch_seeeigensichv.pdf
2024-07-02 16:19:12,577 - INFO - Title: SeeUnterkunftsV, Law Title: Ordinance on Accommodation and Recreational Facilities for Crew Members on Board Merchant Vessels (Ordinance on Accommodation in Maritime Shipping - MaritimeAccommodationO), Link: englisch_seeunterkunftsv/index.html, PDF: https://www.gesetze-im-internet.de/englisch_seeunterkunftsv/englisch_seeunterkunftsv.pdf
2024-07-02 16:19:12,577 - INFO - Title: SGB XIV, Law Title: Social Code Book XIV - Social Compensation, Link: englisch_sgb 14/index.html, PDF: https://www.gesetze-im-internet.de/englisch_sgb 14/englisch_sgb 14.pdf
2024-07-02 16:19:12,577 - INFO - Title: StAG, Law Title: Nationality Act, Link: englisch_stag/index.html, PDF: https://www.gesetze-im-internet.de/englisch_stag/englisch_stag.pdf
2024-07-02 16:19:12,577 - INFO - Title: StGB, Law Title: German Criminal Code, Link: englisch_stgb/index.html, PDF: https://www.gesetze-im-internet.de/englisch_stgb/englisch_stgb.pdf
2024-07-02 16:19:12,578 - INFO - Title: StPO, Law Title: German Code of Criminal Procedure, Link: englisch_stpo/index.html, PDF: https://www.gesetze-im-internet.de/englisch_stpo/englisch_stpo.pdf
2024-07-02 16:19:12,578 - INFO - Title: StVG, Law Title: Road Traffic Act, Link: englisch_stvg/index.html, PDF: https://www.gesetze-im-internet.de/englisch_stvg/englisch_stvg.pdf
2024-07-02 16:19:12,578 - INFO - Title: StVollzG, Law Title: Act on the Execution of Prison Sentences and Measures of Reform and Prevention Involving Deprivation of Liberty (Prison Act), Link: englisch_stvollzg/index.html, PDF: https://www.gesetze-im-internet.de/englisch_stvollzg/englisch_stvollzg.pdf
2024-07-02 16:19:12,579 - INFO - Title: TrinkwV, Law Title: Ordinance on the Quality of Water Intended for Human Consumption (Trinkwasserverordnung - TrinkwV 2023), Link: englisch_trinkwv/index.html, PDF: https://www.gesetze-im-internet.de/englisch_trinkwv/englisch_trinkwv.pdf
2024-07-02 16:19:12,579 - INFO - Title: TVG, Law Title: Collective Agreements Act, Link: englisch_tvg/index.html, PDF: https://www.gesetze-im-internet.de/englisch_tvg/englisch_tvg.pdf
2024-07-02 16:19:12,579 - INFO - Title: UmweltHG, Law Title: Environmental Liability Act (Umwelthaftungsgesetz), Link: englisch_umwelthg/index.html, PDF: https://www.gesetze-im-internet.de/englisch_umwelthg/englisch_umwelthg.pdf
2024-07-02 16:19:12,580 - INFO - Title: UmwG, Law Title: Transformation Act, Link: englisch_umwg/index.html, PDF: https://www.gesetze-im-internet.de/englisch_umwg/englisch_umwg.pdf
2024-07-02 16:19:12,580 - INFO - Title: UrhDaG, Law Title: Act on the Copyright Liability of Online Content Sharing Service Providers, Link: englisch_urhdag/index.html, PDF: https://www.gesetze-im-internet.de/englisch_urhdag/englisch_urhdag.pdf
2024-07-02 16:19:12,580 - INFO - Title: UrhG, Law Title: Act on Copyright and Related Rights (Urheberrechtsgesetz, UrhG), Link: englisch_urhg/index.html, PDF: https://www.gesetze-im-internet.de/englisch_urhg/englisch_urhg.pdf
2024-07-02 16:19:12,581 - INFO - Title: UWG, Law Title: Act against Unfair Competition (Gesetz gegen den unlauteren Wettbewerb - UWG), Link: englisch_uwg/index.html, PDF: https://www.gesetze-im-internet.de/englisch_uwg/englisch_uwg.pdf
2024-07-02 16:19:12,581 - INFO - Title: VersRücklG, Law Title: Act Governing a Federal Pension Reserve (Versorgungsrücklagegesetz - VersRücklG)
, Link: englisch_versr_cklg/index.html, PDF: https://www.gesetze-im-internet.de/englisch_versr_cklg/englisch_versr_cklg.pdf
2024-07-02 16:19:12,581 - INFO - Title: VersStG, Law Title: Insurance Tax Act, Link: englisch_versstg/index.html, PDF: https://www.gesetze-im-internet.de/englisch_versstg/englisch_versstg.pdf
2024-07-02 16:19:12,582 - INFO - Title: VGG, Law Title: Act on the Management of Copyright and Related Rights by Collecting Societies (Verwertungsgesellschaftengesetz - VGG), Link: englisch_vgg/index.html, PDF: https://www.gesetze-im-internet.de/englisch_vgg/englisch_vgg.pdf
2024-07-02 16:19:12,582 - INFO - Title: VSBG, Law Title: Act on Alternative Dispute Resolution in Consumer Matters (Gesetz über die alternative Streitbeilegung in Verbrauchersachen - Verbraucherstreitbeilegungsgesetz), Link: englisch_vsbg/index.html, PDF: https://www.gesetze-im-internet.de/englisch_vsbg/englisch_vsbg.pdf
2024-07-02 16:19:12,582 - INFO - Title: VStGB, Law Title: Code of Crimes against International Law (CCAIL), Link: englisch_vstgb/index.html, PDF: https://www.gesetze-im-internet.de/englisch_vstgb/englisch_vstgb.pdf
2024-07-02 16:19:12,582 - INFO - Title: VVG, Law Title: Insurance Contract Act 2008, Link: englisch_vvg/index.html, PDF: https://www.gesetze-im-internet.de/englisch_vvg/englisch_vvg.pdf
2024-07-02 16:19:12,583 - INFO - Title: VwGO, Law Title: Code of Administrative Court Procedure, Link: englisch_vwgo/index.html, PDF: https://www.gesetze-im-internet.de/englisch_vwgo/englisch_vwgo.pdf
2024-07-02 16:19:12,583 - INFO - Title: WaffG, Law Title: Weapons Act, Link: englisch_waffg/index.html, PDF: https://www.gesetze-im-internet.de/englisch_waffg/englisch_waffg.pdf
2024-07-02 16:19:12,583 - INFO - Title: WEG, Law Title: Act on the Ownership of Apartments and the Permanent Residential Right (Wohnungseigentumsgesetz, WEG), Link: englisch_woeigg/index.html, PDF: https://www.gesetze-im-internet.de/englisch_woeigg/englisch_woeigg.pdf
2024-07-02 16:19:12,584 - INFO - Title: WRegG, Law Title: Act on the establishment and operation of a register for the protection of competition for public contracts and concessions (Competition Register Act - Wettbewerbsregistergesetz, WRegG), Link: englisch_wregg/index.html, PDF: https://www.gesetze-im-internet.de/englisch_wregg/englisch_wregg.pdf
2024-07-02 16:19:12,584 - INFO - Title: ZPO, Law Title: Code of Civil Procedure, Link: englisch_zpo/index.html, PDF: https://www.gesetze-im-internet.de/englisch_zpo/englisch_zpo.pdf
2024-07-02 16:19:12,584 - INFO - Title: ZVG, Law Title: Act on Enforced Auction and Receivership (Gesetz über die Zwangsversteigerung und die Zwangsverwaltung), Link: englisch_zvg/index.html, PDF: https://www.gesetze-im-internet.de/englisch_zvg/englisch_zvg.pdf
2024-07-02 16:19:12,592 - INFO - Laws loaded from 'data/laws_list.json
2024-07-02 16:19:12,594 - INFO - Existing PDFs deleted from data/pdfs
2024-07-02 16:19:12,595 - INFO - Sanitized filename: AbgG
2024-07-02 16:19:13,166 - INFO - Downloaded: AbgG
2024-07-02 16:19:13,167 - INFO - Sanitized filename: AdVermiG
2024-07-02 16:19:13,442 - INFO - Downloaded: AdVermiG
2024-07-02 16:19:13,442 - INFO - Sanitized filename: AEntG
2024-07-02 16:19:13,909 - INFO - Downloaded: AEntG
2024-07-02 16:19:13,910 - INFO - Sanitized filename: AGG
2024-07-02 16:19:14,518 - INFO - Downloaded: AGG
2024-07-02 16:19:14,519 - INFO - Sanitized filename: AktG
2024-07-02 16:19:15,824 - INFO - Downloaded: AktG
2024-07-02 16:19:15,824 - INFO - Sanitized filename: AMG
2024-07-02 16:19:17,760 - INFO - Downloaded: AMG
2024-07-02 16:19:17,761 - INFO - Sanitized filename: AntiDopG
2024-07-02 16:19:18,011 - INFO - Downloaded: AntiDopG
2024-07-02 16:19:18,012 - INFO - Sanitized filename: AO
2024-07-02 16:19:19,556 - INFO - Downloaded: AO
2024-07-02 16:19:19,558 - INFO - Sanitized filename: ArbMedVV
2024-07-02 16:19:19,926 - INFO - Downloaded: ArbMedVV
2024-07-02 16:19:19,927 - INFO - Sanitized filename: ArbSchG
2024-07-02 16:19:20,333 - INFO - Downloaded: ArbSchG
2024-07-02 16:19:20,334 - INFO - Sanitized filename: ArbStättV
2024-07-02 16:19:21,347 - INFO - Downloaded: ArbStättV
2024-07-02 16:19:21,347 - INFO - Sanitized filename: ASiG
2024-07-02 16:19:21,548 - INFO - Downloaded: ASiG
2024-07-02 16:19:21,549 - INFO - Sanitized filename: AsylG
2024-07-02 16:19:22,055 - INFO - Downloaded: AsylG
2024-07-02 16:19:22,056 - INFO - Sanitized filename: AufenthG
2024-07-02 16:19:23,107 - INFO - Downloaded: AufenthG
2024-07-02 16:19:23,107 - INFO - Sanitized filename: AUG
2024-07-02 16:19:23,389 - INFO - Downloaded: AUG
2024-07-02 16:19:23,390 - INFO - Sanitized filename: AÜG
2024-07-02 16:19:23,755 - INFO - Downloaded: AÜG
2024-07-02 16:19:23,756 - INFO - Sanitized filename: AWaffV
2024-07-02 16:19:24,212 - INFO - Downloaded: AWaffV
2024-07-02 16:19:24,213 - INFO - Sanitized filename: AWG
2024-07-02 16:19:24,442 - INFO - Downloaded: AWG
2024-07-02 16:19:24,442 - INFO - Sanitized filename: AWV
2024-07-02 16:19:25,220 - INFO - Downloaded: AWV
2024-07-02 16:19:25,221 - INFO - Sanitized filename: BBergG
2024-07-02 16:19:25,918 - INFO - Downloaded: BBergG
2024-07-02 16:19:25,919 - INFO - Sanitized filename: BDSG
2024-07-02 16:19:26,569 - INFO - Downloaded: BDSG
2024-07-02 16:19:26,569 - INFO - Sanitized filename: BerHG
2024-07-02 16:19:26,754 - INFO - Downloaded: BerHG
2024-07-02 16:19:26,755 - INFO - Sanitized filename: BeschV
2024-07-02 16:19:27,001 - INFO - Downloaded: BeschV
2024-07-02 16:19:27,001 - INFO - Sanitized filename: BetrVG
2024-07-02 16:19:27,451 - INFO - Downloaded: BetrVG
2024-07-02 16:19:27,452 - INFO - Sanitized filename: BFDG
2024-07-02 16:19:27,727 - INFO - Downloaded: BFDG
2024-07-02 16:19:27,728 - INFO - Sanitized filename: BGB
2024-07-02 16:19:31,545 - INFO - Downloaded: BGB
2024-07-02 16:19:31,546 - INFO - Sanitized filename: EGBGB
2024-07-02 16:19:31,911 - INFO - Downloaded: EGBGB
2024-07-02 16:19:31,912 - INFO - Sanitized filename: BioStoffV
2024-07-02 16:19:32,177 - INFO - Downloaded: BioStoffV
2024-07-02 16:19:32,178 - INFO - Sanitized filename: BMG
2024-07-02 16:19:32,813 - INFO - Downloaded: BMG
2024-07-02 16:19:32,813 - INFO - Sanitized filename: BNotO
2024-07-02 16:19:33,750 - INFO - Downloaded: BNotO
2024-07-02 16:19:33,751 - INFO - Sanitized filename: BRAO
2024-07-02 16:19:35,182 - INFO - Downloaded: BRAO
2024-07-02 16:19:35,183 - INFO - Sanitized filename: BSIG
2024-07-02 16:19:35,390 - INFO - Downloaded: BSIG
2024-07-02 16:19:35,392 - INFO - Sanitized filename: BVerfGG
2024-07-02 16:19:35,971 - INFO - Downloaded: BVerfGG
2024-07-02 16:19:35,972 - INFO - Sanitized filename: BVerfGGO
2024-07-02 16:19:36,178 - INFO - Downloaded: BVerfGGO
2024-07-02 16:19:36,179 - INFO - Sanitized filename: BZRG
2024-07-02 16:19:36,546 - INFO - Downloaded: BZRG
2024-07-02 16:19:36,548 - INFO - Sanitized filename: COVInsAG
2024-07-02 16:19:36,811 - INFO - Downloaded: COVInsAG
2024-07-02 16:19:36,812 - INFO - Sanitized filename: DesignG
2024-07-02 16:19:37,533 - INFO - Downloaded: DesignG
2024-07-02 16:19:37,534 - INFO - Sanitized filename: DNG
2024-07-02 16:19:38,034 - INFO - Downloaded: DNG
2024-07-02 16:19:38,035 - INFO - Sanitized filename: DRiG
2024-07-02 16:19:38,802 - INFO - Downloaded: DRiG
2024-07-02 16:19:38,803 - INFO - Sanitized filename: EGovG
2024-07-02 16:19:39,011 - INFO - Downloaded: EGovG
2024-07-02 16:19:39,012 - INFO - Sanitized filename: eIDKG
2024-07-02 16:19:39,288 - INFO - Downloaded: eIDKG
2024-07-02 16:19:39,289 - INFO - Sanitized filename: EntgTranspG
2024-07-02 16:19:39,645 - INFO - Downloaded: EntgTranspG
2024-07-02 16:19:39,646 - INFO - Sanitized filename: ErwSÜAG
2024-07-02 16:19:40,072 - INFO - Downloaded: ErwSÜAG
2024-07-02 16:19:40,072 - INFO - Sanitized filename: EuAbgG
2024-07-02 16:19:40,329 - INFO - Downloaded: EuAbgG
2024-07-02 16:19:40,330 - INFO - Sanitized filename: EU-VSchDG
2024-07-02 16:19:40,679 - INFO - Downloaded: EU-VSchDG
2024-07-02 16:19:40,680 - INFO - Sanitized filename: EUZBBG
2024-07-02 16:19:40,949 - INFO - Downloaded: EUZBBG
2024-07-02 16:19:40,951 - INFO - Sanitized filename: FamFG
2024-07-02 16:19:42,570 - INFO - Downloaded: FamFG
2024-07-02 16:19:42,571 - INFO - Sanitized filename: FeuerschStG
2024-07-02 16:19:42,798 - INFO - Downloaded: FeuerschStG
2024-07-02 16:19:42,800 - INFO - Sanitized filename: FlugDaG
2024-07-02 16:19:43,044 - INFO - Downloaded: FlugDaG
2024-07-02 16:19:43,045 - INFO - Sanitized filename: FreizügG_EU
2024-07-02 16:19:43,405 - INFO - Downloaded: FreizügG_EU
2024-07-02 16:19:43,406 - INFO - Sanitized filename: GeschGehG
2024-07-02 16:19:43,643 - INFO - Downloaded: GeschGehG
2024-07-02 16:19:43,645 - INFO - Sanitized filename: GG
2024-07-02 16:19:44,272 - INFO - Downloaded: GG
2024-07-02 16:19:44,273 - INFO - Sanitized filename: GmbHG
2024-07-02 16:19:45,266 - INFO - Downloaded: GmbHG
2024-07-02 16:19:45,267 - INFO - Sanitized filename: EGGmbHG
2024-07-02 16:19:45,842 - INFO - Downloaded: EGGmbHG
2024-07-02 16:19:45,843 - INFO - Sanitized filename: GVG
2024-07-02 16:19:46,237 - INFO - Downloaded: GVG
2024-07-02 16:19:46,238 - INFO - Sanitized filename: GWB
2024-07-02 16:19:47,223 - INFO - Downloaded: GWB
2024-07-02 16:19:47,224 - INFO - Sanitized filename: HaagÜbkAG
2024-07-02 16:19:47,746 - INFO - Downloaded: HaagÜbkAG
2024-07-02 16:19:47,747 - INFO - Sanitized filename: HGB
2024-07-02 16:19:49,855 - INFO - Downloaded: HGB
2024-07-02 16:19:49,855 - INFO - Sanitized filename: IFG
2024-07-02 16:19:50,187 - INFO - Downloaded: IFG
2024-07-02 16:19:50,188 - INFO - Sanitized filename: InsO
2024-07-02 16:19:51,404 - INFO - Downloaded: InsO
2024-07-02 16:19:51,404 - INFO - Sanitized filename: EGInsO
2024-07-02 16:19:52,215 - INFO - Downloaded: EGInsO
2024-07-02 16:19:52,216 - INFO - Sanitized filename: IntFamRVG
2024-07-02 16:19:52,818 - INFO - Downloaded: IntFamRVG
2024-07-02 16:19:52,818 - INFO - Sanitized filename: IntVG
2024-07-02 16:19:53,157 - INFO - Downloaded: IntVG
2024-07-02 16:19:53,158 - INFO - Sanitized filename: IRG
2024-07-02 16:19:54,683 - INFO - Downloaded: IRG
2024-07-02 16:19:54,684 - INFO - Sanitized filename: IStGHG
2024-07-02 16:19:55,032 - INFO - Downloaded: IStGHG
2024-07-02 16:19:55,033 - INFO - Sanitized filename: JFDG
2024-07-02 16:19:55,583 - INFO - Downloaded: JFDG
2024-07-02 16:19:55,584 - INFO - Sanitized filename: JGG
2024-07-02 16:19:56,243 - INFO - Downloaded: JGG
2024-07-02 16:19:56,245 - INFO - Sanitized filename: KapMuG
2024-07-02 16:19:56,736 - INFO - Downloaded: KapMuG
2024-07-02 16:19:56,737 - INFO - Sanitized filename: KassenSichV
2024-07-02 16:19:56,956 - INFO - Downloaded: KassenSichV
2024-07-02 16:19:56,957 - INFO - Sanitized filename: KGSG
2024-07-02 16:19:57,252 - INFO - Downloaded: KGSG
2024-07-02 16:19:57,253 - INFO - Sanitized filename: KSG
2024-07-02 16:19:57,707 - INFO - Downloaded: KSG
2024-07-02 16:19:57,708 - INFO - Sanitized filename: LasthandhabV
2024-07-02 16:19:57,904 - INFO - Downloaded: LasthandhabV
2024-07-02 16:19:57,905 - INFO - Sanitized filename: LPartG
2024-07-02 16:19:58,131 - INFO - Downloaded: LPartG
2024-07-02 16:19:58,133 - INFO - Sanitized filename: LuftSchlichtV
2024-07-02 16:19:58,448 - INFO - Downloaded: LuftSchlichtV
2024-07-02 16:19:58,449 - INFO - Sanitized filename: LuftVG
2024-07-02 16:19:59,533 - INFO - Downloaded: LuftVG
2024-07-02 16:19:59,534 - INFO - Sanitized filename: MariMedV
2024-07-02 16:20:00,913 - INFO - Downloaded: MariMedV
2024-07-02 16:20:00,914 - INFO - Sanitized filename: MarkenG
2024-07-02 16:20:01,438 - INFO - Downloaded: MarkenG
2024-07-02 16:20:01,440 - INFO - Sanitized filename: MediationsG
2024-07-02 16:20:01,636 - INFO - Downloaded: MediationsG
2024-07-02 16:20:01,637 - INFO - Sanitized filename: MiLoG
2024-07-02 16:20:01,895 - INFO - Downloaded: MiLoG
2024-07-02 16:20:01,896 - INFO - Sanitized filename: MuSchG
2024-07-02 16:20:02,344 - INFO - Downloaded: MuSchG
2024-07-02 16:20:02,345 - INFO - Sanitized filename: NKRG
2024-07-02 16:20:02,593 - INFO - Downloaded: NKRG
2024-07-02 16:20:02,593 - INFO - Sanitized filename: Offshore-ArbZV
2024-07-02 16:20:02,867 - INFO - Downloaded: Offshore-ArbZV
2024-07-02 16:20:02,868 - INFO - Sanitized filename: OWiG
2024-07-02 16:20:03,571 - INFO - Downloaded: OWiG
2024-07-02 16:20:03,572 - INFO - Sanitized filename: PartGG
2024-07-02 16:20:03,928 - INFO - Downloaded: PartGG
2024-07-02 16:20:03,928 - INFO - Sanitized filename: PaßG
2024-07-02 16:20:04,183 - INFO - Downloaded: PaßG
2024-07-02 16:20:04,184 - INFO - Sanitized filename: PatG
2024-07-02 16:20:05,404 - INFO - Downloaded: PatG
2024-07-02 16:20:05,405 - INFO - Sanitized filename: PAuswG
2024-07-02 16:20:05,747 - INFO - Downloaded: PAuswG
2024-07-02 16:20:05,748 - INFO - Sanitized filename: ProdHaftG
2024-07-02 16:20:05,995 - INFO - Downloaded: ProdHaftG
2024-07-02 16:20:05,996 - INFO - Sanitized filename: ProdSG
2024-07-02 16:20:06,253 - INFO - Downloaded: ProdSG
2024-07-02 16:20:06,254 - INFO - Sanitized filename: RDG
2024-07-02 16:20:06,786 - INFO - Downloaded: RDG
2024-07-02 16:20:06,786 - INFO - Sanitized filename: RPflG
2024-07-02 16:20:07,378 - INFO - Downloaded: RPflG
2024-07-02 16:20:07,378 - INFO - Sanitized filename: RVG
2024-07-02 16:20:08,586 - INFO - Downloaded: RVG
2024-07-02 16:20:08,587 - INFO - Sanitized filename: SchBesV
2024-07-02 16:20:08,933 - INFO - Downloaded: SchBesV
2024-07-02 16:20:08,933 - INFO - Sanitized filename: SchwarzArbG
2024-07-02 16:20:09,181 - INFO - Downloaded: SchwarzArbG
2024-07-02 16:20:09,182 - INFO - Sanitized filename: SeeArbG
2024-07-02 16:20:09,815 - INFO - Downloaded: SeeArbG
2024-07-02 16:20:09,816 - INFO - Sanitized filename: SeeArbÜV
2024-07-02 16:20:10,005 - INFO - Downloaded: SeeArbÜV
2024-07-02 16:20:10,005 - INFO - Sanitized filename: See-ArbZNV
2024-07-02 16:20:10,549 - INFO - Downloaded: See-ArbZNV
2024-07-02 16:20:10,550 - INFO - Sanitized filename: SeeAufgG
2024-07-02 16:20:11,219 - INFO - Downloaded: SeeAufgG
2024-07-02 16:20:11,219 - INFO - Sanitized filename: See-BAV
2024-07-02 16:20:12,080 - INFO - Downloaded: See-BAV
2024-07-02 16:20:12,081 - INFO - Sanitized filename: See-BV
2024-07-02 16:20:13,065 - INFO - Downloaded: See-BV
2024-07-02 16:20:13,067 - INFO - Sanitized filename: SeeEigensichV
2024-07-02 16:20:13,285 - INFO - Downloaded: SeeEigensichV
2024-07-02 16:20:13,286 - INFO - Sanitized filename: SeeUnterkunftsV
2024-07-02 16:20:13,535 - INFO - Downloaded: SeeUnterkunftsV
2024-07-02 16:20:13,535 - INFO - Sanitized filename: SGB XIV
2024-07-02 16:20:13,639 - ERROR - Failed to download SGB XIV: 404 Client Error: Not Found for url: https://www.gesetze-im-internet.de/englisch_sgb%2014/englisch_sgb%2014.pdf
2024-07-02 16:20:13,640 - INFO - Sanitized filename: StAG
2024-07-02 16:20:13,870 - INFO - Downloaded: StAG
2024-07-02 16:20:13,872 - INFO - Sanitized filename: StGB
2024-07-02 16:20:15,664 - INFO - Downloaded: StGB
2024-07-02 16:20:15,665 - INFO - Sanitized filename: StPO
2024-07-02 16:20:17,872 - INFO - Downloaded: StPO
2024-07-02 16:20:17,872 - INFO - Sanitized filename: StVG
2024-07-02 16:20:18,839 - INFO - Downloaded: StVG
2024-07-02 16:20:18,840 - INFO - Sanitized filename: StVollzG
2024-07-02 16:20:19,377 - INFO - Downloaded: StVollzG
2024-07-02 16:20:19,378 - INFO - Sanitized filename: TrinkwV
2024-07-02 16:20:20,790 - INFO - Downloaded: TrinkwV
2024-07-02 16:20:20,791 - INFO - Sanitized filename: TVG
2024-07-02 16:20:21,047 - INFO - Downloaded: TVG
2024-07-02 16:20:21,048 - INFO - Sanitized filename: UmweltHG
2024-07-02 16:20:21,274 - INFO - Downloaded: UmweltHG
2024-07-02 16:20:21,274 - INFO - Sanitized filename: UmwG
2024-07-02 16:20:22,394 - INFO - Downloaded: UmwG
2024-07-02 16:20:22,396 - INFO - Sanitized filename: UrhDaG
2024-07-02 16:20:22,970 - INFO - Downloaded: UrhDaG
2024-07-02 16:20:22,970 - INFO - Sanitized filename: UrhG
2024-07-02 16:20:24,126 - INFO - Downloaded: UrhG
2024-07-02 16:20:24,127 - INFO - Sanitized filename: UWG
2024-07-02 16:20:25,102 - INFO - Downloaded: UWG
2024-07-02 16:20:25,103 - INFO - Sanitized filename: VersRücklG
2024-07-02 16:20:25,398 - INFO - Downloaded: VersRücklG
2024-07-02 16:20:25,399 - INFO - Sanitized filename: VersStG
2024-07-02 16:20:25,677 - INFO - Downloaded: VersStG
2024-07-02 16:20:25,678 - INFO - Sanitized filename: VGG
2024-07-02 16:20:26,114 - INFO - Downloaded: VGG
2024-07-02 16:20:26,114 - INFO - Sanitized filename: VSBG
2024-07-02 16:20:26,839 - INFO - Downloaded: VSBG
2024-07-02 16:20:26,840 - INFO - Sanitized filename: VStGB
2024-07-02 16:20:27,132 - INFO - Downloaded: VStGB
2024-07-02 16:20:27,133 - INFO - Sanitized filename: VVG
2024-07-02 16:20:28,441 - INFO - Downloaded: VVG
2024-07-02 16:20:28,442 - INFO - Sanitized filename: VwGO
2024-07-02 16:20:28,737 - INFO - Downloaded: VwGO
2024-07-02 16:20:28,739 - INFO - Sanitized filename: WaffG
2024-07-02 16:20:29,423 - INFO - Downloaded: WaffG
2024-07-02 16:20:29,424 - INFO - Sanitized filename: WEG
2024-07-02 16:20:29,684 - INFO - Downloaded: WEG
2024-07-02 16:20:29,684 - INFO - Sanitized filename: WRegG
2024-07-02 16:20:30,254 - INFO - Downloaded: WRegG
2024-07-02 16:20:30,255 - INFO - Sanitized filename: ZPO
2024-07-02 16:20:32,442 - INFO - Downloaded: ZPO
2024-07-02 16:20:32,443 - INFO - Sanitized filename: ZVG
2024-07-02 16:20:33,277 - INFO - Downloaded: ZVG
